<?xml version="1.0" encoding="UTF-8"?>
<!-- Generated by org.testng.reporters.JUnitXMLReporter -->
<testsuite ignored="0" hostname="Bhargavi" failures="3" tests="3" name="Default test" time="15.691" errors="0" timestamp="2026-03-23T11:07:23 IST">
  <testcase classname="io.cucumber.testng.AbstractTestNGCucumberTests" name="runScenario" time="6.333">
    <failure type="java.lang.NullPointerException" message="Cannot invoke &amp;quot;pages.LoginPage.getLoginMessage()&amp;quot; because &amp;quot;this.loginPage&amp;quot; is null">
      <![CDATA[java.lang.NullPointerException: Cannot invoke "pages.LoginPage.getLoginMessage()" because "this.loginPage" is null
at stepdefinitions.LoginSteps.isLoginMessageVisible(LoginSteps.java:57)
at ✽.the user should see Login to your account message(file:///D:/MyGitRepos/automationexercise-test-framework/ui-automation/src/test/resources/features/login.feature:5)
]]>
    </failure>
  </testcase> <!-- runScenario -->
  <testcase classname="io.cucumber.testng.AbstractTestNGCucumberTests" name="runScenario" time="4.694">
    <failure type="java.lang.NullPointerException" message="Cannot invoke &amp;quot;pages.LoginPage.getLoginMessage()&amp;quot; because &amp;quot;this.loginPage&amp;quot; is null">
      <![CDATA[java.lang.NullPointerException: Cannot invoke "pages.LoginPage.getLoginMessage()" because "this.loginPage" is null
at stepdefinitions.LoginSteps.isLoginMessageVisible(LoginSteps.java:57)
at ✽.the user should see Login to your account message(file:///D:/MyGitRepos/automationexercise-test-framework/ui-automation/src/test/resources/features/login.feature:13)
]]>
    </failure>
  </testcase> <!-- runScenario -->
  <testcase classname="io.cucumber.testng.AbstractTestNGCucumberTests" name="runScenario" time="4.089">
    <failure type="io.cucumber.testng.UndefinedStepException" message="The step &amp;apos;the user clicks &amp;quot;Signup / Login&amp;quot; button&amp;apos; and 8 other step(s) are undefined.
You can implement these steps using the snippet(s) below:

@When(&amp;quot;the user clicks {string} button&amp;quot;)
public void the_user_clicks_button(String string) {
    // Write code here that turns the phrase above into concrete actions
    throw new io.cucumber.java.PendingException();
}
@Then(&amp;quot;the user should see {string} message&amp;quot;)
public void the_user_should_see_message(String string) {
    // Write code here that turns the phrase above into concrete actions
    throw new io.cucumber.java.PendingException();
}
">
      <![CDATA[io.cucumber.testng.UndefinedStepException: The step 'the user clicks "Signup / Login" button' and 8 other step(s) are undefined.
You can implement these steps using the snippet(s) below:

@When("the user clicks {string} button")
public void the_user_clicks_button(String string) {
    // Write code here that turns the phrase above into concrete actions
    throw new io.cucumber.java.PendingException();
}
@Then("the user should see {string} message")
public void the_user_should_see_message(String string) {
    // Write code here that turns the phrase above into concrete actions
    throw new io.cucumber.java.PendingException();
}

at ✽.the user clicks "Signup / Login" button(file:///D:/MyGitRepos/automationexercise-test-framework/ui-automation/src/test/resources/features/register.feature:7)
]]>
    </failure>
  </testcase> <!-- runScenario -->
</testsuite> <!-- Default test -->
