<?xml version="1.0" encoding="UTF-8"?>
<!-- Generated by org.testng.reporters.JUnitXMLReporter -->
<testsuite ignored="0" hostname="Vara" failures="1" tests="1" name="Default test" time="1.525" errors="0" timestamp="2026-03-14T15:22:40 IST">
  <testcase classname="io.cucumber.testng.AbstractTestNGCucumberTests" name="runScenario" time="0.198">
    <failure type="io.cucumber.testng.UndefinedStepException" message="The step &amp;apos;the user is on the home page&amp;apos; and 8 other step(s) are undefined.
You can implement these steps using the snippet(s) below:

@Given(&amp;quot;the user is on the home page&amp;quot;)
public void the_user_is_on_the_home_page() {
    // Write code here that turns the phrase above into concrete actions
    throw new io.cucumber.java.PendingException();
}
@When(&amp;quot;the user clicks {string}&amp;quot;)
public void the_user_clicks(String string) {
    // Write code here that turns the phrase above into concrete actions
    throw new io.cucumber.java.PendingException();
}
@When(&amp;quot;the user enters name and email on the sign up form&amp;quot;)
public void the_user_enters_name_and_email_on_the_sign_up_form() {
    // Write code here that turns the phrase above into concrete actions
    throw new io.cucumber.java.PendingException();
}
@When(&amp;quot;the user submits the sign up form&amp;quot;)
public void the_user_submits_the_sign_up_form() {
    // Write code here that turns the phrase above into concrete actions
    throw new io.cucumber.java.PendingException();
}
@When(&amp;quot;the user enters all required account details&amp;quot;)
public void the_user_enters_all_required_account_details() {
    // Write code here that turns the phrase above into concrete actions
    throw new io.cucumber.java.PendingException();
}
@Then(&amp;quot;the user should see {string} message&amp;quot;)
public void the_user_should_see_message(String string) {
    // Write code here that turns the phrase above into concrete actions
    throw new io.cucumber.java.PendingException();
}
@Then(&amp;quot;the user should be logged in with their name visible&amp;quot;)
public void the_user_should_be_logged_in_with_their_name_visible() {
    // Write code here that turns the phrase above into concrete actions
    throw new io.cucumber.java.PendingException();
}
">
      <![CDATA[io.cucumber.testng.UndefinedStepException: The step 'the user is on the home page' and 8 other step(s) are undefined.
You can implement these steps using the snippet(s) below:

@Given("the user is on the home page")
public void the_user_is_on_the_home_page() {
    // Write code here that turns the phrase above into concrete actions
    throw new io.cucumber.java.PendingException();
}
@When("the user clicks {string}")
public void the_user_clicks(String string) {
    // Write code here that turns the phrase above into concrete actions
    throw new io.cucumber.java.PendingException();
}
@When("the user enters name and email on the sign up form")
public void the_user_enters_name_and_email_on_the_sign_up_form() {
    // Write code here that turns the phrase above into concrete actions
    throw new io.cucumber.java.PendingException();
}
@When("the user submits the sign up form")
public void the_user_submits_the_sign_up_form() {
    // Write code here that turns the phrase above into concrete actions
    throw new io.cucumber.java.PendingException();
}
@When("the user enters all required account details")
public void the_user_enters_all_required_account_details() {
    // Write code here that turns the phrase above into concrete actions
    throw new io.cucumber.java.PendingException();
}
@Then("the user should see {string} message")
public void the_user_should_see_message(String string) {
    // Write code here that turns the phrase above into concrete actions
    throw new io.cucumber.java.PendingException();
}
@Then("the user should be logged in with their name visible")
public void the_user_should_be_logged_in_with_their_name_visible() {
    // Write code here that turns the phrase above into concrete actions
    throw new io.cucumber.java.PendingException();
}

at ✽.the user is on the home page(file:///D:/projects/automationexercise-hybrid-framework/ui-automation/src/test/resources/features/register.feature:6)
]]>
    </failure>
  </testcase> <!-- runScenario -->
</testsuite> <!-- Default test -->
