<?xml version="1.0" encoding="UTF-8"?>
<testng-results ignored="0" total="3" passed="0" failed="3" skipped="0">
  <reporter-output>
  </reporter-output>
  <suite started-at="2026-03-23T11:07:07 IST" name="Default suite" finished-at="2026-03-23T11:07:23 IST" duration-ms="15691">
    <groups>
      <group name="cucumber">
        <method signature="AbstractTestNGCucumberTests.runScenario(io.cucumber.testng.PickleWrapper,io.cucumber.testng.FeatureWrapper)[pri:0, instance:runners.TestRunner@4961f6af]" name="runScenario" class="io.cucumber.testng.AbstractTestNGCucumberTests"/>
      </group> <!-- cucumber -->
    </groups>
    <test started-at="2026-03-23T11:07:07 IST" name="Default test" finished-at="2026-03-23T11:07:23 IST" duration-ms="15691">
      <class name="runners.TestRunner">
        <test-method is-config="true" signature="setUpClass(org.testng.ITestContext)[pri:0, instance:runners.TestRunner@4961f6af]" started-at="2026-03-23T11:07:07 IST" name="setUpClass" finished-at="2026-03-23T11:07:08 IST" duration-ms="476" status="PASS">
          <params>
            <param index="0">
              <value>
                <![CDATA[org.testng.TestRunner@6579cdbb]]>
              </value>
            </param>
          </params>
          <reporter-output>
          </reporter-output>
        </test-method> <!-- setUpClass -->
        <test-method signature="runScenario(io.cucumber.testng.PickleWrapper,io.cucumber.testng.FeatureWrapper)[pri:0, instance:runners.TestRunner@4961f6af]" started-at="2026-03-23T11:07:08 IST" name="runScenario" description="Runs Cucumber Scenarios" data-provider="scenarios" finished-at="2026-03-23T11:07:14 IST" duration-ms="6333" status="FAIL">
          <params>
            <param index="0">
              <value>
                <![CDATA["TC2: Valid User Login"]]>
              </value>
            </param>
            <param index="1">
              <value>
                <![CDATA["User Login"]]>
              </value>
            </param>
          </params>
          <exception class="java.lang.NullPointerException">
            <message>
              <![CDATA[Cannot invoke "pages.LoginPage.getLoginMessage()" because "this.loginPage" is null]]>
            </message>
            <full-stacktrace>
              <![CDATA[java.lang.NullPointerException: Cannot invoke "pages.LoginPage.getLoginMessage()" because "this.loginPage" is null
at stepdefinitions.LoginSteps.isLoginMessageVisible(LoginSteps.java:57)
at ✽.the user should see Login to your account message(file:///D:/MyGitRepos/automationexercise-test-framework/ui-automation/src/test/resources/features/login.feature:5)
]]>
            </full-stacktrace>
          </exception> <!-- java.lang.NullPointerException -->
          <reporter-output>
          </reporter-output>
        </test-method> <!-- runScenario -->
        <test-method signature="runScenario(io.cucumber.testng.PickleWrapper,io.cucumber.testng.FeatureWrapper)[pri:0, instance:runners.TestRunner@4961f6af]" started-at="2026-03-23T11:07:14 IST" name="runScenario" description="Runs Cucumber Scenarios" data-provider="scenarios" finished-at="2026-03-23T11:07:19 IST" duration-ms="4694" status="FAIL">
          <params>
            <param index="0">
              <value>
                <![CDATA["TC3: Invalid User Login with invalid email"]]>
              </value>
            </param>
            <param index="1">
              <value>
                <![CDATA["User Login"]]>
              </value>
            </param>
          </params>
          <exception class="java.lang.NullPointerException">
            <message>
              <![CDATA[Cannot invoke "pages.LoginPage.getLoginMessage()" because "this.loginPage" is null]]>
            </message>
            <full-stacktrace>
              <![CDATA[java.lang.NullPointerException: Cannot invoke "pages.LoginPage.getLoginMessage()" because "this.loginPage" is null
at stepdefinitions.LoginSteps.isLoginMessageVisible(LoginSteps.java:57)
at ✽.the user should see Login to your account message(file:///D:/MyGitRepos/automationexercise-test-framework/ui-automation/src/test/resources/features/login.feature:13)
]]>
            </full-stacktrace>
          </exception> <!-- java.lang.NullPointerException -->
          <reporter-output>
          </reporter-output>
        </test-method> <!-- runScenario -->
        <test-method signature="runScenario(io.cucumber.testng.PickleWrapper,io.cucumber.testng.FeatureWrapper)[pri:0, instance:runners.TestRunner@4961f6af]" started-at="2026-03-23T11:07:19 IST" name="runScenario" description="Runs Cucumber Scenarios" data-provider="scenarios" finished-at="2026-03-23T11:07:23 IST" duration-ms="4089" status="FAIL">
          <params>
            <param index="0">
              <value>
                <![CDATA["TC1: Register New User and validate"]]>
              </value>
            </param>
            <param index="1">
              <value>
                <![CDATA["User Registration"]]>
              </value>
            </param>
          </params>
          <exception class="io.cucumber.testng.UndefinedStepException">
            <message>
              <![CDATA[The step 'the user clicks "Signup / Login" button' and 8 other step(s) are undefined.
You can implement these steps using the snippet(s) below:

@When("the user clicks {string} button")
public void the_user_clicks_button(String string) {
    // Write code here that turns the phrase above into concrete actions
    throw new io.cucumber.java.PendingException();
}
@Then("the user should see {string} message")
public void the_user_should_see_message(String string) {
    // Write code here that turns the phrase above into concrete actions
    throw new io.cucumber.java.PendingException();
}
]]>
            </message>
            <full-stacktrace>
              <![CDATA[io.cucumber.testng.UndefinedStepException: The step 'the user clicks "Signup / Login" button' and 8 other step(s) are undefined.
You can implement these steps using the snippet(s) below:

@When("the user clicks {string} button")
public void the_user_clicks_button(String string) {
    // Write code here that turns the phrase above into concrete actions
    throw new io.cucumber.java.PendingException();
}
@Then("the user should see {string} message")
public void the_user_should_see_message(String string) {
    // Write code here that turns the phrase above into concrete actions
    throw new io.cucumber.java.PendingException();
}

at ✽.the user clicks "Signup / Login" button(file:///D:/MyGitRepos/automationexercise-test-framework/ui-automation/src/test/resources/features/register.feature:7)
]]>
            </full-stacktrace>
          </exception> <!-- io.cucumber.testng.UndefinedStepException -->
          <reporter-output>
          </reporter-output>
        </test-method> <!-- runScenario -->
        <test-method is-config="true" signature="tearDownClass()[pri:0, instance:runners.TestRunner@4961f6af]" started-at="2026-03-23T11:07:23 IST" name="tearDownClass" finished-at="2026-03-23T11:07:23 IST" duration-ms="59" status="PASS">
          <reporter-output>
          </reporter-output>
        </test-method> <!-- tearDownClass -->
      </class> <!-- runners.TestRunner -->
    </test> <!-- Default test -->
  </suite> <!-- Default suite -->
</testng-results>
