<?xml version="1.0" encoding="UTF-8"?>
<!-- Generated by org.testng.reporters.JUnitReportReporter -->
<testsuite hostname="Bhargavi" failures="0" tests="3" name="runners.TestRunner" time="15.116" errors="3" timestamp="2026-03-23T11:07:23 IST" skipped="0">
  <testcase classname="runners.TestRunner" name="runScenario" time="4.694">
    <error message="Cannot invoke &quot;pages.LoginPage.getLoginMessage()&quot; because &quot;this.loginPage&quot; is null" type="java.lang.NullPointerException">
      <![CDATA[java.lang.NullPointerException: Cannot invoke "pages.LoginPage.getLoginMessage()" because "this.loginPage" is null
at stepdefinitions.LoginSteps.isLoginMessageVisible(LoginSteps.java:57)
at ✽.the user should see Login to your account message(file:///D:/MyGitRepos/automationexercise-test-framework/ui-automation/src/test/resources/features/login.feature:13)
]]>
    </error>
  </testcase> <!-- runScenario -->
  <testcase classname="runners.TestRunner" name="runScenario" time="6.333">
    <error message="Cannot invoke &quot;pages.LoginPage.getLoginMessage()&quot; because &quot;this.loginPage&quot; is null" type="java.lang.NullPointerException">
      <![CDATA[java.lang.NullPointerException: Cannot invoke "pages.LoginPage.getLoginMessage()" because "this.loginPage" is null
at stepdefinitions.LoginSteps.isLoginMessageVisible(LoginSteps.java:57)
at ✽.the user should see Login to your account message(file:///D:/MyGitRepos/automationexercise-test-framework/ui-automation/src/test/resources/features/login.feature:5)
]]>
    </error>
  </testcase> <!-- runScenario -->
  <testcase classname="runners.TestRunner" name="runScenario" time="4.089">
    <error message="The step &#039;the user clicks &quot;Signup / Login&quot; button&#039; and 8 other step(s) are undefined.
You can implement these steps using the snippet(s) below:

@When(&quot;the user clicks {string} button&quot;)
public void the_user_clicks_button(String string) {
    // Write code here that turns the phrase above into concrete actions
    throw new io.cucumber.java.PendingException();
}
@Then(&quot;the user should see {string} message&quot;)
public void the_user_should_see_message(String string) {
    // Write code here that turns the phrase above into concrete actions
    throw new io.cucumber.java.PendingException();
}
" type="io.cucumber.testng.UndefinedStepException">
      <![CDATA[io.cucumber.testng.UndefinedStepException: The step 'the user clicks "Signup / Login" button' and 8 other step(s) are undefined.
You can implement these steps using the snippet(s) below:

@When("the user clicks {string} button")
public void the_user_clicks_button(String string) {
    // Write code here that turns the phrase above into concrete actions
    throw new io.cucumber.java.PendingException();
}
@Then("the user should see {string} message")
public void the_user_should_see_message(String string) {
    // Write code here that turns the phrase above into concrete actions
    throw new io.cucumber.java.PendingException();
}

at ✽.the user clicks "Signup / Login" button(file:///D:/MyGitRepos/automationexercise-test-framework/ui-automation/src/test/resources/features/register.feature:7)
]]>
    </error>
  </testcase> <!-- runScenario -->
</testsuite> <!-- runners.TestRunner -->
